<?xml version="1.0" encoding="UTF-8"?>
<testsuite xmlns:xsi="http://www.w3.org/2001/XMLSchema-instance" xsi:noNamespaceSchemaLocation="https://maven.apache.org/surefire/maven-surefire-plugin/xsd/surefire-test-report.xsd" version="3.0.2" name="com.eustachecode.eCommerce_java_app.ECommerceJavaAppApplicationTests" time="5.004" tests="1" errors="0" skipped="0" failures="0">
  <properties>
[...]
</properties>
  <testcase name="contextLoads" classname="com.eustachecode.eCommerce_java_app.ECommerceJavaAppApplicationTests" time="0.438">
    <system-out><![CDATA[01:08:00.698 [main] INFO org.springframework.test.context.support.AnnotationConfigContextLoaderUtils -- Could not detect default configuration classes for test class [com.eustachecode.eCommerce_java_app.ECommerceJavaAppApplicationTests]: ECommerceJavaAppApplicationTests does not declare any static, non-private, non-final, nested classes annotated with @Configuration.
01:08:00.803 [main] INFO org.springframework.boot.test.context.SpringBootTestContextBootstrapper -- Found @SpringBootConfiguration com.eustachecode.eCommerce_java_app.ECommerceJavaAppApplication for test class com.eustachecode.eCommerce_java_app.ECommerceJavaAppApplicationTests
            █████████
           ███░░░░░███
  ██████  ███     ░░░   ██████  █████████████   █████████████    ██████  ████████   ██████   ██████
 ███░░███░███          ███░░███░░███░░███░░███ ░░███░░███░░███  ███░░███░░███░░███ ███░░███ ███░░███
░███████ ░███         ░███ ░███ ░███ ░███ ░███  ░███ ░███ ░███ ░███████  ░███ ░░░ ░███ ░░░ ░███████
░███░░░  ░░███     ███░███ ░███ ░███ ░███ ░███  ░███ ░███ ░███ ░███░░░   ░███     ░███  ███░███░░░
░░██████  ░░█████████ ░░██████  █████░███ █████ █████░███ █████░░██████  █████    ░░██████ ░░██████
 ░░░░░░    ░░░░░░░░░   ░░░░░░  ░░░░░ ░░░ ░░░░░ ░░░░░ ░░░ ░░░░░  ░░░░░░  ░░░░░      ░░░░░░   ░░░░░░



2025-04-27T01:08:01.161+03:00  INFO 1102726 --- [eCommerce-java-app] [           main] c.e.e.ECommerceJavaAppApplicationTests   : Starting ECommerceJavaAppApplicationTests using Java 21.0.6 with PID 1102726 (started by eustache in /home/eustache/Deepen-fullstack-Roadmap/Java/Fullstack-java-app/eCommerce-java-app)
2025-04-27T01:08:01.165+03:00  INFO 1102726 --- [eCommerce-java-app] [           main] c.e.e.ECommerceJavaAppApplicationTests   : No active profile set, falling back to 1 default profile: "default"
2025-04-27T01:08:02.016+03:00  INFO 1102726 --- [eCommerce-java-app] [           main] .s.d.r.c.RepositoryConfigurationDelegate : Bootstrapping Spring Data JPA repositories in DEFAULT mode.
2025-04-27T01:08:02.079+03:00  INFO 1102726 --- [eCommerce-java-app] [           main] .s.d.r.c.RepositoryConfigurationDelegate : Finished Spring Data repository scanning in 54 ms. Found 3 JPA repository interfaces.
2025-04-27T01:08:02.195+03:00  WARN 1102726 --- [eCommerce-java-app] [           main] o.m.s.mapper.ClassPathMapperScanner      : No MyBatis mapper was found in '[com.eustachecode.eCommerce_java_app]' package. Please check your configuration.
2025-04-27T01:08:02.498+03:00  INFO 1102726 --- [eCommerce-java-app] [           main] o.hibernate.jpa.internal.util.LogHelper  : HHH000204: Processing PersistenceUnitInfo [name: default]
2025-04-27T01:08:02.533+03:00  INFO 1102726 --- [eCommerce-java-app] [           main] org.hibernate.Version                    : HHH000412: Hibernate ORM core version 6.6.13.Final
2025-04-27T01:08:02.581+03:00  INFO 1102726 --- [eCommerce-java-app] [           main] o.h.c.internal.RegionFactoryInitiator    : HHH000026: Second-level cache disabled
2025-04-27T01:08:02.791+03:00  INFO 1102726 --- [eCommerce-java-app] [           main] o.s.o.j.p.SpringPersistenceUnitInfo      : No LoadTimeWeaver setup: ignoring JPA class transformer
2025-04-27T01:08:02.814+03:00  INFO 1102726 --- [eCommerce-java-app] [           main] com.zaxxer.hikari.HikariDataSource       : HikariPool-1 - Starting...
2025-04-27T01:08:03.110+03:00  INFO 1102726 --- [eCommerce-java-app] [           main] com.zaxxer.hikari.pool.HikariPool        : HikariPool-1 - Added connection org.postgresql.jdbc.PgConnection@4ec8d9b2
2025-04-27T01:08:03.111+03:00  INFO 1102726 --- [eCommerce-java-app] [           main] com.zaxxer.hikari.HikariDataSource       : HikariPool-1 - Start completed.
2025-04-27T01:08:03.136+03:00  WARN 1102726 --- [eCommerce-java-app] [           main] org.hibernate.orm.deprecation            : HHH90000025: PostgreSQLDialect does not need to be specified explicitly using 'hibernate.dialect' (remove the property setting and it will be selected by default)
2025-04-27T01:08:03.151+03:00  INFO 1102726 --- [eCommerce-java-app] [           main] org.hibernate.orm.connections.pooling    : HHH10001005: Database info:
	Database JDBC URL [Connecting through datasource 'HikariDataSource (HikariPool-1)']
	Database driver: undefined/unknown
	Database version: 16.8
	Autocommit mode: undefined/unknown
	Isolation level: undefined/unknown
	Minimum pool size: undefined/unknown
	Maximum pool size: undefined/unknown
2025-04-27T01:08:04.034+03:00  INFO 1102726 --- [eCommerce-java-app] [           main] o.h.e.t.j.p.i.JtaPlatformInitiator       : HHH000489: No JTA platform available (set 'hibernate.transaction.jta.platform' to enable JTA platform integration)
Hibernate: set client_min_messages = WARNING
Hibernate: alter table if exists order_items drop constraint if exists FKbioxgbv59vetrxe0ejfubep1w
Hibernate: alter table if exists order_items drop constraint if exists FKocimc7dtr037rh4ls4l95nlfi
Hibernate: alter table if exists orders drop constraint if exists FKpxtb8awmi0dk6smoh2vp1litg
Hibernate: alter table if exists payments drop constraint if exists FKcfbxlc6plvh3ucaexcx3m7mom
Hibernate: alter table if exists products drop constraint if exists FKog2rp4qthbtt2lfyhfo32lsw9
Hibernate: drop table if exists categories cascade
Hibernate: drop table if exists customers cascade
Hibernate: drop table if exists order_items cascade
Hibernate: drop table if exists orders cascade
Hibernate: drop table if exists payments cascade
Hibernate: drop table if exists products cascade
Hibernate: create table categories (category_id integer generated by default as identity, category_name varchar(255) not null, description varchar(255), primary key (category_id))
Hibernate: create table customers (customer_id integer generated by default as identity, address varchar(255), email varchar(255) not null unique, name varchar(255) not null, password varchar(255) not null, primary key (customer_id))
Hibernate: create table order_items (order_id integer not null, order_item_id integer generated by default as identity, product_id integer not null, quantity integer not null, primary key (order_item_id))
Hibernate: create table orders (customer_id integer not null, order_id integer generated by default as identity, total_amount float(53) not null, order_date timestamp(6), primary key (order_id))
Hibernate: create table payments (amount float(53) not null, oder_id integer not null, payment_id integer generated by default as identity, payment_date timestamp(6), currency varchar(255), payment_status varchar(255) not null, primary key (payment_id))
Hibernate: create table products (category_id integer not null, price float(53) not null, product_id integer generated by default as identity, stock integer not null, product_name varchar(255) not null, primary key (product_id))
Hibernate: alter table if exists order_items add constraint FKbioxgbv59vetrxe0ejfubep1w foreign key (order_id) references orders
Hibernate: alter table if exists order_items add constraint FKocimc7dtr037rh4ls4l95nlfi foreign key (product_id) references products
Hibernate: alter table if exists orders add constraint FKpxtb8awmi0dk6smoh2vp1litg foreign key (customer_id) references customers
Hibernate: alter table if exists payments add constraint FKcfbxlc6plvh3ucaexcx3m7mom foreign key (oder_id) references orders
Hibernate: alter table if exists products add constraint FKog2rp4qthbtt2lfyhfo32lsw9 foreign key (category_id) references categories
2025-04-27T01:08:04.207+03:00  INFO 1102726 --- [eCommerce-java-app] [           main] j.LocalContainerEntityManagerFactoryBean : Initialized JPA EntityManagerFactory for persistence unit 'default'
2025-04-27T01:08:04.601+03:00  WARN 1102726 --- [eCommerce-java-app] [           main] JpaBaseConfiguration$JpaWebConfiguration : spring.jpa.open-in-view is enabled by default. Therefore, database queries may be performed during view rendering. Explicitly configure spring.jpa.open-in-view to disable this warning
2025-04-27T01:08:05.118+03:00  INFO 1102726 --- [eCommerce-java-app] [           main] c.e.e.ECommerceJavaAppApplicationTests   : Started ECommerceJavaAppApplicationTests in 4.192 seconds (process running for 5.008)
]]></system-out>
    <system-err><![CDATA[Mockito is currently self-attaching to enable the inline-mock-maker. This will no longer work in future releases of the JDK. Please add Mockito as an agent to your build what is described in Mockito's documentation: https://javadoc.io/doc/org.mockito/mockito-core/latest/org/mockito/Mockito.html#0.3
WARNING: A Java agent has been loaded dynamically (/home/eustache/.m2/repository/net/bytebuddy/byte-buddy-agent/1.15.11/byte-buddy-agent-1.15.11.jar)
WARNING: If a serviceability tool is in use, please run with -XX:+EnableDynamicAgentLoading to hide this warning
WARNING: If a serviceability tool is not in use, please run with -Djdk.instrument.traceUsage for more information
WARNING: Dynamic loading of agents will be disallowed by default in a future release
]]></system-err>
  </testcase>
</testsuite>