<?xml version="1.0" encoding="UTF-8"?>
<testsuite xmlns:xsi="http://www.w3.org/2001/XMLSchema-instance" xsi:noNamespaceSchemaLocation="https://maven.apache.org/surefire/maven-surefire-plugin/xsd/surefire-test-report.xsd" version="3.0.2" name="com.eustachecode.eCommerce_java_app.ECommerceJavaAppApplicationTests" time="5.192" tests="1" errors="0" skipped="0" failures="0">
  <properties>
[...]
</properties>
  <testcase name="contextLoads" classname="com.eustachecode.eCommerce_java_app.ECommerceJavaAppApplicationTests" time="0.399">
    <system-out><![CDATA[19:45:31.508 [main] INFO org.springframework.test.context.support.AnnotationConfigContextLoaderUtils -- Could not detect default configuration classes for test class [com.eustachecode.eCommerce_java_app.ECommerceJavaAppApplicationTests]: ECommerceJavaAppApplicationTests does not declare any static, non-private, non-final, nested classes annotated with @Configuration.
19:45:31.600 [main] INFO org.springframework.boot.test.context.SpringBootTestContextBootstrapper -- Found @SpringBootConfiguration com.eustachecode.eCommerce_java_app.ECommerceJavaAppApplication for test class com.eustachecode.eCommerce_java_app.ECommerceJavaAppApplicationTests
            █████████
           ███░░░░░███
  ██████  ███     ░░░   ██████  █████████████   █████████████    ██████  ████████   ██████   ██████
 ███░░███░███          ███░░███░░███░░███░░███ ░░███░░███░░███  ███░░███░░███░░███ ███░░███ ███░░███
░███████ ░███         ░███ ░███ ░███ ░███ ░███  ░███ ░███ ░███ ░███████  ░███ ░░░ ░███ ░░░ ░███████
░███░░░  ░░███     ███░███ ░███ ░███ ░███ ░███  ░███ ░███ ░███ ░███░░░   ░███     ░███  ███░███░░░
░░██████  ░░█████████ ░░██████  █████░███ █████ █████░███ █████░░██████  █████    ░░██████ ░░██████
 ░░░░░░    ░░░░░░░░░   ░░░░░░  ░░░░░ ░░░ ░░░░░ ░░░░░ ░░░ ░░░░░  ░░░░░░  ░░░░░      ░░░░░░   ░░░░░░



2025-04-26T19:45:31.956+03:00  INFO 1043006 --- [eCommerce-java-app] [           main] c.e.e.ECommerceJavaAppApplicationTests   : Starting ECommerceJavaAppApplicationTests using Java 21.0.6 with PID 1043006 (started by eustache in /home/eustache/Deepen-fullstack-Roadmap/Java/Fullstack-java-app/eCommerce-java-app)
2025-04-26T19:45:31.960+03:00  INFO 1043006 --- [eCommerce-java-app] [           main] c.e.e.ECommerceJavaAppApplicationTests   : No active profile set, falling back to 1 default profile: "default"
2025-04-26T19:45:32.730+03:00  INFO 1043006 --- [eCommerce-java-app] [           main] .s.d.r.c.RepositoryConfigurationDelegate : Bootstrapping Spring Data JPA repositories in DEFAULT mode.
2025-04-26T19:45:32.783+03:00  INFO 1043006 --- [eCommerce-java-app] [           main] .s.d.r.c.RepositoryConfigurationDelegate : Finished Spring Data repository scanning in 42 ms. Found 1 JPA repository interface.
2025-04-26T19:45:32.873+03:00  WARN 1043006 --- [eCommerce-java-app] [           main] o.m.s.mapper.ClassPathMapperScanner      : No MyBatis mapper was found in '[com.eustachecode.eCommerce_java_app]' package. Please check your configuration.
2025-04-26T19:45:33.313+03:00  INFO 1043006 --- [eCommerce-java-app] [           main] o.hibernate.jpa.internal.util.LogHelper  : HHH000204: Processing PersistenceUnitInfo [name: default]
2025-04-26T19:45:33.361+03:00  INFO 1043006 --- [eCommerce-java-app] [           main] org.hibernate.Version                    : HHH000412: Hibernate ORM core version 6.6.13.Final
2025-04-26T19:45:33.393+03:00  INFO 1043006 --- [eCommerce-java-app] [           main] o.h.c.internal.RegionFactoryInitiator    : HHH000026: Second-level cache disabled
2025-04-26T19:45:33.629+03:00  INFO 1043006 --- [eCommerce-java-app] [           main] o.s.o.j.p.SpringPersistenceUnitInfo      : No LoadTimeWeaver setup: ignoring JPA class transformer
2025-04-26T19:45:33.661+03:00  INFO 1043006 --- [eCommerce-java-app] [           main] com.zaxxer.hikari.HikariDataSource       : HikariPool-1 - Starting...
2025-04-26T19:45:33.978+03:00  INFO 1043006 --- [eCommerce-java-app] [           main] com.zaxxer.hikari.pool.HikariPool        : HikariPool-1 - Added connection org.postgresql.jdbc.PgConnection@553fbe94
2025-04-26T19:45:33.979+03:00  INFO 1043006 --- [eCommerce-java-app] [           main] com.zaxxer.hikari.HikariDataSource       : HikariPool-1 - Start completed.
2025-04-26T19:45:34.005+03:00  WARN 1043006 --- [eCommerce-java-app] [           main] org.hibernate.orm.deprecation            : HHH90000025: PostgreSQLDialect does not need to be specified explicitly using 'hibernate.dialect' (remove the property setting and it will be selected by default)
2025-04-26T19:45:34.021+03:00  INFO 1043006 --- [eCommerce-java-app] [           main] org.hibernate.orm.connections.pooling    : HHH10001005: Database info:
	Database JDBC URL [Connecting through datasource 'HikariDataSource (HikariPool-1)']
	Database driver: undefined/unknown
	Database version: 16.8
	Autocommit mode: undefined/unknown
	Isolation level: undefined/unknown
	Minimum pool size: undefined/unknown
	Maximum pool size: undefined/unknown
2025-04-26T19:45:34.855+03:00  INFO 1043006 --- [eCommerce-java-app] [           main] o.h.e.t.j.p.i.JtaPlatformInitiator       : HHH000489: No JTA platform available (set 'hibernate.transaction.jta.platform' to enable JTA platform integration)
2025-04-26T19:45:35.206+03:00  INFO 1043006 --- [eCommerce-java-app] [           main] j.LocalContainerEntityManagerFactoryBean : Initialized JPA EntityManagerFactory for persistence unit 'default'
2025-04-26T19:45:35.639+03:00  WARN 1043006 --- [eCommerce-java-app] [           main] JpaBaseConfiguration$JpaWebConfiguration : spring.jpa.open-in-view is enabled by default. Therefore, database queries may be performed during view rendering. Explicitly configure spring.jpa.open-in-view to disable this warning
2025-04-26T19:45:36.164+03:00  INFO 1043006 --- [eCommerce-java-app] [           main] c.e.e.ECommerceJavaAppApplicationTests   : Started ECommerceJavaAppApplicationTests in 4.457 seconds (process running for 5.227)
]]></system-out>
    <system-err><![CDATA[Mockito is currently self-attaching to enable the inline-mock-maker. This will no longer work in future releases of the JDK. Please add Mockito as an agent to your build what is described in Mockito's documentation: https://javadoc.io/doc/org.mockito/mockito-core/latest/org/mockito/Mockito.html#0.3
WARNING: A Java agent has been loaded dynamically (/home/eustache/.m2/repository/net/bytebuddy/byte-buddy-agent/1.15.11/byte-buddy-agent-1.15.11.jar)
WARNING: If a serviceability tool is in use, please run with -XX:+EnableDynamicAgentLoading to hide this warning
WARNING: If a serviceability tool is not in use, please run with -Djdk.instrument.traceUsage for more information
WARNING: Dynamic loading of agents will be disallowed by default in a future release
]]></system-err>
  </testcase>
</testsuite>